<?xml version="1.0" encoding="UTF-8"?>
<!-- Generated by org.testng.reporters.JUnitXMLReporter -->
<testsuite ignored="0" hostname="Hp" failures="0" tests="3" name="Test" time="324.171" errors="0" timestamp="2020-12-30T15:59:12 IST">
  <testcase classname="Assign19Annot.Testcase3" name="testcase2" time="53.755"/>
  <testcase classname="Assign19Annot.Testcase1" name="testcase1" time="61.443"/>
  <testcase classname="Assign19Annot.Testcase2" name="testcase2" time="62.073"/>
</testsuite> <!-- Test -->
